<?xml version="1.0" encoding="UTF-8"?>
<!-- Generated by org.testng.reporters.JUnitReportReporter -->
<testsuite hostname="L-103345-23Aug" failures="0" tests="1" name="ecm_testcases.ECM_MasterListVendorsTest" time="21.310" errors="0" timestamp="2025-06-11T18:37:27 IST" skipped="0">
  <testcase classname="ecm_testcases.ECM_MasterListVendorsTest" name="verifyIpacsLoginPage" time="21.310"/>
  <system-out/>
</testsuite> <!-- ecm_testcases.ECM_MasterListVendorsTest -->
