<?xml version="1.0" encoding="UTF-8"?>
<!-- Generated by org.testng.reporters.JUnitReportReporter -->
<testsuite hostname="L-103345-23Aug" failures="0" tests="1" name="com.ipacs.qa.testcases.CompanyProfileTest" time="55.558" errors="0" timestamp="2025-03-28T17:44:47 IST" skipped="0">
  <testcase classname="com.ipacs.qa.testcases.CompanyProfileTest" name="validatedocumentation" time="55.558"/>
  <system-out/>
</testsuite> <!-- com.ipacs.qa.testcases.CompanyProfileTest -->
