<?xml version="1.0" encoding="UTF-8"?>
<!-- Generated by org.testng.reporters.JUnitReportReporter -->
<testsuite hostname="L-103345-23Aug" failures="0" tests="5" name="com.ipacs.qa.tests.MasterListVendorsTest" time="122.894" errors="0" timestamp="2025-07-03T19:17:05 IST" skipped="0">
  <testcase classname="com.ipacs.qa.tests.MasterListVendorsTest" name="verifyIpacsLoginPage" time="11.644"/>
  <system-out/>
  <testcase classname="com.ipacs.qa.tests.MasterListVendorsTest" name="verifyMasterListVendors" time="14.301"/>
  <system-out/>
  <testcase classname="com.ipacs.qa.tests.MasterListVendorsTest" name="verifyAddVendorCategoryInMasterListVendors" time="44.717"/>
  <system-out/>
  <testcase classname="com.ipacs.qa.tests.MasterListVendorsTest" name="verifyShowEntriesInViewMasterList" time="18.737"/>
  <system-out/>
  <testcase classname="com.ipacs.qa.tests.MasterListVendorsTest" name="verifySortingInViewMasterList" time="33.495"/>
  <system-out/>
</testsuite> <!-- com.ipacs.qa.tests.MasterListVendorsTest -->
