<?xml version="1.0" encoding="UTF-8"?>
<!-- Generated by org.testng.reporters.JUnitReportReporter -->
<testsuite hostname="L-103345-23Aug" failures="0" tests="2" name="com.ipacs.qa.testcases.MasterListVendorsTest" time="63.617" errors="0" timestamp="2025-06-26T13:39:47 IST" skipped="0">
  <testcase classname="com.ipacs.qa.testcases.MasterListVendorsTest" name="verifyShowEntriesInViewMasterList" time="29.858"/>
  <system-out/>
  <testcase classname="com.ipacs.qa.testcases.MasterListVendorsTest" name="verifySortingInViewMasterList" time="33.759"/>
  <system-out/>
</testsuite> <!-- com.ipacs.qa.testcases.MasterListVendorsTest -->
