<?xml version="1.0" encoding="UTF-8"?>
<!-- Generated by org.testng.reporters.JUnitReportReporter -->
<testsuite hostname="L-103345-23Aug" failures="0" tests="1" name="com.ipacs.qa.testcases.LoginPageTest" time="24.376" errors="0" timestamp="2025-03-25T16:14:49 IST" skipped="0">
  <testcase classname="com.ipacs.qa.testcases.LoginPageTest" name="validateCorrectUsernameandCorrectPassword" time="24.376"/>
  <system-out/>
</testsuite> <!-- com.ipacs.qa.testcases.LoginPageTest -->
