<?xml version="1.0" encoding="UTF-8"?>
<!-- Generated by org.testng.reporters.JUnitReportReporter -->
<testsuite hostname="L-104012-11oct" failures="0" tests="1" name="com.iperform.qa.testcases.LoginPageTest" time="13.735" errors="0" timestamp="2025-03-05T13:19:49 IST" skipped="0">
  <testcase classname="com.iperform.qa.testcases.LoginPageTest" name="validateCorrectUsernameandCorrectPassword" time="13.735"/>
  <system-out/>
</testsuite> <!-- com.iperform.qa.testcases.LoginPageTest -->
