<?xml version="1.0" encoding="UTF-8"?>
<!-- Generated by org.testng.reporters.JUnitReportReporter -->
<testsuite hostname="L-103345-23Aug" failures="0" tests="1" name="com.ipacs.qa.ecm.tests.ECM_AdminSectionTest" time="60.212" errors="0" timestamp="2025-08-25T19:09:19 IST" skipped="0">
  <testcase classname="com.ipacs.qa.ecm.tests.ECM_AdminSectionTest" name="verifySearchBoxInUserLoginHistory" time="60.212"/>
  <system-out/>
</testsuite> <!-- com.ipacs.qa.ecm.tests.ECM_AdminSectionTest -->
