<?xml version="1.0" encoding="UTF-8"?>
<!-- Generated by org.testng.reporters.JUnitReportReporter -->
<testsuite hostname="L-103345-23Aug" failures="0" tests="1" name="com.ipacs.qa.testcases.PolicyandProceduresTest" time="26.753" errors="0" timestamp="2025-03-25T17:24:00 IST" skipped="0">
  <testcase classname="com.ipacs.qa.testcases.PolicyandProceduresTest" name="validateCorrectUsernameandCorrectPassword" time="26.753"/>
  <system-out/>
</testsuite> <!-- com.ipacs.qa.testcases.PolicyandProceduresTest -->
