<?xml version="1.0" encoding="UTF-8"?>
<!-- Generated by org.testng.reporters.JUnitReportReporter -->
<testsuite hostname="L-103345-23Aug" failures="0" tests="4" name="com.ipacs.qa.tests.ReportTest" time="91.741" errors="0" timestamp="2025-07-03T19:20:37 IST" skipped="0">
  <testcase classname="com.ipacs.qa.tests.ReportTest" name="verifyIpacsLoginPage" time="12.506"/>
  <system-out/>
  <testcase classname="com.ipacs.qa.tests.ReportTest" name="verifyReportMenu" time="12.769"/>
  <system-out/>
  <testcase classname="com.ipacs.qa.tests.ReportTest" name="verifySOPCurrentCertificationReport" time="32.238"/>
  <system-out/>
  <testcase classname="com.ipacs.qa.tests.ReportTest" name="verifySOPExpiredCertificationReport" time="34.228"/>
  <system-out/>
</testsuite> <!-- com.ipacs.qa.tests.ReportTest -->
