<?xml version="1.0" encoding="UTF-8"?>
<!-- Generated by org.testng.reporters.JUnitReportReporter -->
<testsuite hostname="L-103345-23Aug" failures="0" tests="1" name="com.ipacs.qa.testcases.VendorManagementTest" time="13.163" errors="0" timestamp="2025-04-25T17:00:29 IST" skipped="0">
  <testcase classname="com.ipacs.qa.testcases.VendorManagementTest" name="verifyIpacsLoginPage" time="13.163"/>
  <system-out/>
</testsuite> <!-- com.ipacs.qa.testcases.VendorManagementTest -->
